2025-09-11 14:11:49 [[31MERROR[39M]: TypeError: Cannot set property query of #<IncomingMessage> which has only a getter
    at C:\Users\ASUS\OneDrive\Desktop\LMS\backend\node_modules\xss-clean\lib\index.js:8:30
    at Layer.handleRequest (C:\Users\ASUS\OneDrive\Desktop\LMS\backend\node_modules\router\lib\layer.js:152:17)
    at trimPrefix (C:\Users\ASUS\OneDrive\Desktop\LMS\backend\node_modules\router\index.js:342:13)
    at C:\Users\ASUS\OneDrive\Desktop\LMS\backend\node_modules\router\index.js:297:9
    at processParams (C:\Users\ASUS\OneDrive\Desktop\LMS\backend\node_modules\router\index.js:582:12)
    at next (C:\Users\ASUS\OneDrive\Desktop\LMS\backend\node_modules\router\index.js:291:5)
    at cors (C:\Users\ASUS\OneDrive\Desktop\LMS\backend\node_modules\cors\lib\index.js:188:7)
    at C:\Users\ASUS\OneDrive\Desktop\LMS\backend\node_modules\cors\lib\index.js:224:17
    at originCallback (C:\Users\ASUS\OneDrive\Desktop\LMS\backend\node_modules\cors\lib\index.js:214:15)
    at C:\Users\ASUS\OneDrive\Desktop\LMS\backend\node_modules\cors\lib\index.js:219:13
2025-09-11 14:13:40 [[31MERROR[39M]: TypeError: Cannot set property query of #<IncomingMessage> which has only a getter
    at C:\Users\ASUS\OneDrive\Desktop\LMS\backend\node_modules\express-mongo-sanitize\index.js:113:18
    at Array.forEach (<anonymous>)
    at C:\Users\ASUS\OneDrive\Desktop\LMS\backend\node_modules\express-mongo-sanitize\index.js:110:44
    at Layer.handleRequest (C:\Users\ASUS\OneDrive\Desktop\LMS\backend\node_modules\router\lib\layer.js:152:17)
    at trimPrefix (C:\Users\ASUS\OneDrive\Desktop\LMS\backend\node_modules\router\index.js:342:13)
    at C:\Users\ASUS\OneDrive\Desktop\LMS\backend\node_modules\router\index.js:297:9
    at processParams (C:\Users\ASUS\OneDrive\Desktop\LMS\backend\node_modules\router\index.js:582:12)
    at next (C:\Users\ASUS\OneDrive\Desktop\LMS\backend\node_modules\router\index.js:291:5)
    at cors (C:\Users\ASUS\OneDrive\Desktop\LMS\backend\node_modules\cors\lib\index.js:188:7)
    at C:\Users\ASUS\OneDrive\Desktop\LMS\backend\node_modules\cors\lib\index.js:224:17
2025-09-11 14:14:40 [[31MERROR[39M]: TypeError: res.status is not a function
    at notFound (C:\Users\ASUS\OneDrive\Desktop\LMS\backend\utils\responseHandler.js:40:16)
    at Layer.handleRequest (C:\Users\ASUS\OneDrive\Desktop\LMS\backend\node_modules\router\lib\layer.js:152:17)
    at trimPrefix (C:\Users\ASUS\OneDrive\Desktop\LMS\backend\node_modules\router\index.js:342:13)
    at C:\Users\ASUS\OneDrive\Desktop\LMS\backend\node_modules\router\index.js:297:9
    at processParams (C:\Users\ASUS\OneDrive\Desktop\LMS\backend\node_modules\router\index.js:582:12)
    at next (C:\Users\ASUS\OneDrive\Desktop\LMS\backend\node_modules\router\index.js:291:5)
    at C:\Users\ASUS\OneDrive\Desktop\LMS\backend\node_modules\express-rate-limit\dist\index.cjs:899:7
    at process.processTicksAndRejections (node:internal/process/task_queues:105:5)
    at async C:\Users\ASUS\OneDrive\Desktop\LMS\backend\node_modules\express-rate-limit\dist\index.cjs:782:5
2025-09-11 14:18:14 [[31MERROR[39M]: TypeError: Cannot read properties of undefined (reading 'findOne')
    at exports.login (C:\Users\ASUS\OneDrive\Desktop\LMS\backend\controllers\auth.controllers.js:37:34)
    at Layer.handleRequest (C:\Users\ASUS\OneDrive\Desktop\LMS\backend\node_modules\router\lib\layer.js:152:17)
    at next (C:\Users\ASUS\OneDrive\Desktop\LMS\backend\node_modules\router\lib\route.js:157:13)
    at Route.dispatch (C:\Users\ASUS\OneDrive\Desktop\LMS\backend\node_modules\router\lib\route.js:117:3)
    at handle (C:\Users\ASUS\OneDrive\Desktop\LMS\backend\node_modules\router\index.js:435:11)
    at Layer.handleRequest (C:\Users\ASUS\OneDrive\Desktop\LMS\backend\node_modules\router\lib\layer.js:152:17)
    at C:\Users\ASUS\OneDrive\Desktop\LMS\backend\node_modules\router\index.js:295:15
    at processParams (C:\Users\ASUS\OneDrive\Desktop\LMS\backend\node_modules\router\index.js:582:12)
    at next (C:\Users\ASUS\OneDrive\Desktop\LMS\backend\node_modules\router\index.js:291:5)
    at Function.handle (C:\Users\ASUS\OneDrive\Desktop\LMS\backend\node_modules\router\index.js:186:3)
2025-09-11 14:19:02 [[31MERROR[39M]: Error: secretOrPrivateKey must have a value
    at module.exports [as sign] (C:\Users\ASUS\OneDrive\Desktop\LMS\backend\node_modules\jsonwebtoken\sign.js:111:20)
    at generateAccessToken (C:\Users\ASUS\OneDrive\Desktop\LMS\backend\utils\tokens.js:4:14)
    at exports.login (C:\Users\ASUS\OneDrive\Desktop\LMS\backend\controllers\auth.controllers.js:47:25)
2025-09-11 14:52:41 [[31MERROR[39M]: TypeError: crypto.randomBytes is not a function
    at exports.forgotPassword (C:\Users\ASUS\OneDrive\Desktop\LMS\backend\controllers\auth.controllers.js:132:31)
    at process.processTicksAndRejections (node:internal/process/task_queues:105:5)
2025-09-11 14:54:51 [[31MERROR[39M]: ReferenceError: forgotPasswordTemplate is not defined
    at exports.forgotPassword (C:\Users\ASUS\OneDrive\Desktop\LMS\backend\controllers\auth.controllers.js:139:27)
    at process.processTicksAndRejections (node:internal/process/task_queues:105:5)
2025-09-11 14:55:12 [[31MERROR[39M]: ReferenceError: forgotPasswordTemplate is not defined
    at exports.forgotPassword (C:\Users\ASUS\OneDrive\Desktop\LMS\backend\controllers\auth.controllers.js:139:27)
    at process.processTicksAndRejections (node:internal/process/task_queues:105:5)
2025-09-11 15:01:44 [[31MERROR[39M]: TypeError: res.status is not a function
    at notFound (C:\Users\ASUS\OneDrive\Desktop\LMS\backend\utils\responseHandler.js:40:16)
    at Layer.handleRequest (C:\Users\ASUS\OneDrive\Desktop\LMS\backend\node_modules\router\lib\layer.js:152:17)
    at trimPrefix (C:\Users\ASUS\OneDrive\Desktop\LMS\backend\node_modules\router\index.js:342:13)
    at C:\Users\ASUS\OneDrive\Desktop\LMS\backend\node_modules\router\index.js:297:9
    at processParams (C:\Users\ASUS\OneDrive\Desktop\LMS\backend\node_modules\router\index.js:582:12)
    at next (C:\Users\ASUS\OneDrive\Desktop\LMS\backend\node_modules\router\index.js:291:5)
    at C:\Users\ASUS\OneDrive\Desktop\LMS\backend\node_modules\router\index.js:688:15
    at next (C:\Users\ASUS\OneDrive\Desktop\LMS\backend\node_modules\router\index.js:276:14)
    at Function.handle (C:\Users\ASUS\OneDrive\Desktop\LMS\backend\node_modules\router\index.js:186:3)
    at router (C:\Users\ASUS\OneDrive\Desktop\LMS\backend\node_modules\router\index.js:60:12)
